#
# A fatal error has been detected by the Java Runtime Environment:
#
#  EXCEPTION_ACCESS_VIOLATION (0xc0000005) at pc=0x00007ffb9a94ec33, pid=5524, tid=2532
#
# JRE version: OpenJDK Runtime Environment Zulu13.42+17-CA (13.0.8+5) (build 13.0.8+5-MTS)
# Java VM: OpenJDK 64-Bit Server VM Zulu13.42+17-CA (13.0.8+5-MTS, mixed mode, sharing, tiered, compressed oops, g1 gc, windows-amd64)
# Problematic frame:
# C  [ig9icd64.dll+0x9bec33]
#
# No core dump will be written. Minidumps are not enabled by default on client versions of Windows
#
# If you would like to submit a bug report, please visit:
#   http://www.azul.com/support/
# The crash happened outside the Java Virtual Machine in native code.
# See problematic frame for where to report the bug.
#

---------------  S U M M A R Y ------------

Command Line: -javaagent:C:\JetBrains\Tools\apps\IDEA-U\ch-0\212.4746.92\lib\idea_rt.jar=55983:C:\JetBrains\Tools\apps\IDEA-U\ch-0\212.4746.92\bin -Dfile.encoding=UTF-8 Gui.Form

Host: Intel(R) Core(TM) i5-8400T CPU @ 1.70GHz, 6 cores, 7G,  Windows 10 , 64 bit Build 19041 (10.0.19041.1023)
Time: Wed Sep 22 14:53:49 2021 RTZ 2 (зима) elapsed time: 69.785559 seconds (0d 0h 1m 9s)

---------------  T H R E A D  ---------------

Current thread (0x000002b87bd73800):  JavaThread "AWT-EventQueue-0" [_thread_in_native, id=2532, stack(0x000000c592c00000,0x000000c592d00000)]

Stack: [0x000000c592c00000,0x000000c592d00000],  sp=0x000000c592cfdf78,  free space=1015k
Native frames: (J=compiled Java code, j=interpreted, Vv=VM code, C=native code)
C  [ig9icd64.dll+0x9bec33]

Java frames: (J=compiled Java code, j=interpreted, Vv=VM code)
J 2048  jogamp.opengl.gl4.GL4bcImpl.dispatch_glBegin1(IJ)V (0 bytes) @ 0x000002b86c14f16b [0x000002b86c14f120+0x000000000000004b]
J 2130 c2 problem.Point.render(Ljavax/media/opengl/GL2;)V (112 bytes) @ 0x000002b86c159774 [0x000002b86c159620+0x0000000000000154]
J 2059% c2 problem.Problem.render(Ljavax/media/opengl/GL2;)V (36 bytes) @ 0x000002b86c151f60 [0x000002b86c151ea0+0x00000000000000c0]
j  Gui.RendererGL.display(Ljavax/media/opengl/GLAutoDrawable;)V+39
j  jogamp.opengl.GLDrawableHelper.displayImpl(Ljavax/media/opengl/GLAutoDrawable;)V+81
J 2083 c1 javax.media.opengl.awt.GLCanvas$7.run()V (122 bytes) @ 0x000002b864f40b44 [0x000002b864f407a0+0x00000000000003a4]
j  jogamp.opengl.GLDrawableHelper.invokeGLImpl(Ljavax/media/opengl/GLDrawable;Ljavax/media/opengl/GLContext;Ljava/lang/Runnable;Ljava/lang/Runnable;)V+206
j  jogamp.opengl.GLDrawableHelper.invokeGL(Ljavax/media/opengl/GLDrawable;Ljavax/media/opengl/GLContext;Ljava/lang/Runnable;Ljava/lang/Runnable;)V+80
j  javax.media.opengl.awt.GLCanvas$8.run()V+73
j  javax.media.opengl.Threading.invoke(ZLjava/lang/Runnable;Ljava/lang/Object;)V+33
j  javax.media.opengl.awt.GLCanvas.display()V+57
j  javax.media.opengl.awt.GLCanvas.paint(Ljava/awt/Graphics;)V+137
j  sun.awt.RepaintArea.paintComponent(Ljava/awt/Component;Ljava/awt/Graphics;)V+6 java.desktop@13.0.8
j  sun.awt.RepaintArea.paint(Ljava/lang/Object;Z)V+326 java.desktop@13.0.8
J 1819 c1 sun.awt.windows.WComponentPeer.handleEvent(Ljava/awt/AWTEvent;)V java.desktop@13.0.8 (173 bytes) @ 0x000002b864eb7544 [0x000002b864eb6500+0x0000000000001044]
J 1866 c1 java.awt.Component.dispatchEventImpl(Ljava/awt/AWTEvent;)V java.desktop@13.0.8 (777 bytes) @ 0x000002b864ed72dc [0x000002b864ed2120+0x00000000000051bc]
J 1739 c1 java.awt.EventQueue.dispatchEventImpl(Ljava/awt/AWTEvent;Ljava/lang/Object;)V java.desktop@13.0.8 (136 bytes) @ 0x000002b864e601c4 [0x000002b864e5fca0+0x0000000000000524]
J 1738 c1 java.awt.EventQueue$4.run()Ljava/lang/Void; java.desktop@13.0.8 (60 bytes) @ 0x000002b864e5f5cc [0x000002b864e5f480+0x000000000000014c]
J 1818 c1 java.awt.EventQueue$4.run()Ljava/lang/Object; java.desktop@13.0.8 (5 bytes) @ 0x000002b864eb6154 [0x000002b864eb60c0+0x0000000000000094]
J 1661 c1 java.security.ProtectionDomain$JavaSecurityAccessImpl.doIntersectionPrivilege(Ljava/security/PrivilegedAction;Ljava/security/AccessControlContext;Ljava/security/AccessControlContext;)Ljava/lang/Object; java.base@13.0.8 (22 bytes) @ 0x000002b864e38e7c [0x000002b864e38960+0x000000000000051c]
J 1689 c1 java.awt.EventQueue.dispatchEvent(Ljava/awt/AWTEvent;)V java.desktop@13.0.8 (80 bytes) @ 0x000002b864e465d4 [0x000002b864e455e0+0x0000000000000ff4]
J 1741 c1 java.awt.EventDispatchThread.pumpOneEventForFilters(I)V java.desktop@13.0.8 (113 bytes) @ 0x000002b864e64b8c [0x000002b864e64400+0x000000000000078c]
j  java.awt.EventDispatchThread.pumpEventsForFilter(ILjava/awt/Conditional;Ljava/awt/EventFilter;)V+35 java.desktop@13.0.8
j  java.awt.EventDispatchThread.pumpEventsForHierarchy(ILjava/awt/Conditional;Ljava/awt/Component;)V+11 java.desktop@13.0.8
j  java.awt.EventDispatchThread.pumpEvents(ILjava/awt/Conditional;)V+4 java.desktop@13.0.8
j  java.awt.EventDispatchThread.pumpEvents(Ljava/awt/Conditional;)V+3 java.desktop@13.0.8
j  java.awt.EventDispatchThread.run()V+9 java.desktop@13.0.8
v  ~StubRoutines::call_stub

siginfo: EXCEPTION_ACCESS_VIOLATION (0xc0000005), reading address 0x00007ffedab64f70


Register to memory mapping:

RIP=0x00007ffb9a94ec33 ig9icd64.dll
RAX=0x000000000fff0fff is an unknown value
RBX=0x00007ffb99f90000 ig9icd64.dll
RCX=0x000000033fcf3fcc is an unknown value
RDX=0x000000c592cfe490 is pointing into the stack for thread: 0x000002b87bd73800
RSP=0x000000c592cfdf78 is pointing into the stack for thread: 0x000002b87bd73800
RBP=0x000000c592cfe080 is pointing into the stack for thread: 0x000002b87bd73800
RSI=0x000002b87dfca340 points into unknown readable memory: c0 ae ab 7d b8 02 00 00
RDI=0x000000c592cfe280 is pointing into the stack for thread: 0x000002b87bd73800
R8 =0x000000c592cfe0b0 is pointing into the stack for thread: 0x000002b87bd73800
R9 =0x000000c592cfe490 is pointing into the stack for thread: 0x000002b87bd73800
R10=0x000000c592cfe280 is pointing into the stack for thread: 0x000002b87bd73800
R11=0x0 is NULL
R12=0x00007ffb9adb5440 ig9icd64.dll
R13=0x0 is NULL
R14=0x0 is NULL
R15=0x00000000000001c1 is an unknown value


Registers:
RAX=0x000000000fff0fff, RBX=0x00007ffb99f90000, RCX=0x000000033fcf3fcc, RDX=0x000000c592cfe490
RSP=0x000000c592cfdf78, RBP=0x000000c592cfe080, RSI=0x000002b87dfca340, RDI=0x000000c592cfe280
R8 =0x000000c592cfe0b0, R9 =0x000000c592cfe490, R10=0x000000c592cfe280, R11=0x0000000000000000
R12=0x00007ffb9adb5440, R13=0x0000000000000000, R14=0x0000000000000000, R15=0x00000000000001c1
RIP=0x00007ffb9a94ec33, EFLAGS=0x0000000000010206

Top of Stack: (sp=0x000000c592cfdf78)
0x000000c592cfdf78:   00007ffb9a94c36b 0000000000000001
0x000000c592cfdf88:   0000000000000000 000002b87b4a2f00
0x000000c592cfdf98:   00007ffbca4f2622 0000004000000065
0x000000c592cfdfa8:   000000c592cfe1b0 0000000000000000
0x000000c592cfdfb8:   000002b87b91dbb0 0000000000000000
0x000000c592cfdfc8:   000002b87defda90 0000000000000001
0x000000c592cfdfd8:   0000000000000000 0000000000004000
0x000000c592cfdfe8:   00007ffbca6d3813 000000c592cfe160
0x000000c592cfdff8:   00007ffb9a5e76d0 0000000000000000
0x000000c592cfe008:   000000c500000016 000000c592cfe290
0x000000c592cfe018:   000002b87e676440 00004cbfdeebaf6a
0x000000c592cfe028:   0000000000000001 000002b859bc0000
0x000000c592cfe038:   00000000000002c2 0000000000000200
0x000000c592cfe048:   00007ffbd957b86b 00000000028e016a
0x000000c592cfe058:   00000000000000ba 000002b87dd3d480
0x000000c592cfe068:   0000000000000000 0000000000000000 

Instructions: (pc=0x00007ffb9a94ec33)
0x00007ffb9a94eb33:   09 b5 30 00 48 89 51 08 48 89 01 8b 44 24 28 89
0x00007ffb9a94eb43:   41 20 8b 44 24 30 89 41 24 48 8b c1 4c 89 41 10
0x00007ffb9a94eb53:   4c 89 49 18 c3 cc cc cc cc cc cc cc cc 48 89 5c
0x00007ffb9a94eb63:   24 08 8b 41 5c 48 8d 1d 91 14 64 ff 41 89 40 08
0x00007ffb9a94eb73:   4c 8b d1 8b 41 60 45 33 db 41 89 40 0c 4c 8b ca
0x00007ffb9a94eb83:   8b 41 64 41 89 40 10 8b 41 68 41 89 40 14 8b 41
0x00007ffb9a94eb93:   6c 41 89 40 18 8b 41 70 41 89 40 1c 48 63 41 74
0x00007ffb9a94eba3:   48 6b c8 34 8b 84 19 a4 0f ee 00 41 89 40 20 8b
0x00007ffb9a94ebb3:   84 19 a8 0f ee 00 41 89 40 24 8b 84 19 ac 0f ee
0x00007ffb9a94ebc3:   00 41 89 40 28 8b 84 19 b0 0f ee 00 41 89 40 2c
0x00007ffb9a94ebd3:   8b 84 19 94 0f ee 00 41 89 40 30 8b 84 19 98 0f
0x00007ffb9a94ebe3:   ee 00 41 89 40 34 8b 84 19 9c 0f ee 00 41 89 40
0x00007ffb9a94ebf3:   38 8b 84 19 a0 0f ee 00 41 89 40 3c 8b 84 19 84
0x00007ffb9a94ec03:   0f ee 00 41 89 40 40 8b 84 19 88 0f ee 00 41 89
0x00007ffb9a94ec13:   40 44 8b 84 19 8c 0f ee 00 41 89 40 48 8b 84 19
0x00007ffb9a94ec23:   90 0f ee 00 41 89 40 4c 49 63 42 78 48 6b c8 34
0x00007ffb9a94ec33:   8b 84 19 a4 0f ee 00 41 89 40 50 8b 84 19 a8 0f
0x00007ffb9a94ec43:   ee 00 41 89 40 54 8b 84 19 ac 0f ee 00 41 89 40
0x00007ffb9a94ec53:   58 8b 84 19 b0 0f ee 00 41 89 40 5c 8b 84 19 94
0x00007ffb9a94ec63:   0f ee 00 41 89 40 60 8b 84 19 98 0f ee 00 41 89
0x00007ffb9a94ec73:   40 64 8b 84 19 9c 0f ee 00 41 89 40 68 8b 84 19
0x00007ffb9a94ec83:   a0 0f ee 00 41 89 40 6c 8b 84 19 84 0f ee 00 41
0x00007ffb9a94ec93:   89 40 70 8b 84 19 88 0f ee 00 41 89 40 74 8b 84
0x00007ffb9a94eca3:   19 8c 0f ee 00 41 89 40 78 8b 84 19 90 0f ee 00
0x00007ffb9a94ecb3:   41 89 40 7c 48 8b 42 18 8b 88 38 0b 00 00 f6 c1
0x00007ffb9a94ecc3:   08 0f 84 86 00 00 00 8b 80 3c 0b 00 00 41 89 80
0x00007ffb9a94ecd3:   80 00 00 00 48 8b 42 18 8b 88 40 0b 00 00 41 89
0x00007ffb9a94ece3:   88 84 00 00 00 48 8b 42 18 8b 88 44 0b 00 00 41
0x00007ffb9a94ecf3:   89 88 88 00 00 00 48 8b 42 18 8b 88 48 0b 00 00
0x00007ffb9a94ed03:   41 89 88 8c 00 00 00 48 8b 42 18 8b 88 4c 0b 00
0x00007ffb9a94ed13:   00 41 89 88 90 00 00 00 48 8b 42 18 8b 88 50 0b
0x00007ffb9a94ed23:   00 00 41 89 88 94 00 00 00 48 8b 42 18 8b 88 54 


Stack slot to memory mapping:
stack at sp + 0 slots: 0x00007ffb9a94c36b ig9icd64.dll
stack at sp + 1 slots: 0x0000000000000001 is an unknown value
stack at sp + 2 slots: 0x0 is NULL
stack at sp + 3 slots: 0x000002b87b4a2f00 points into unknown readable memory: 00 00 00 00 00 00 00 00
stack at sp + 4 slots: 0x00007ffbca4f2622 igdgmm64.dll
stack at sp + 5 slots: 0x0000004000000065 is an unknown value
stack at sp + 6 slots: 0x000000c592cfe1b0 is pointing into the stack for thread: 0x000002b87bd73800
stack at sp + 7 slots: 0x0 is NULL


---------------  P R O C E S S  ---------------

Threads class SMR info:
_java_thread_list=0x000002b87bf0c0a0, length=31, elements={
0x000002b87a9b9000, 0x000002b87a9bc800, 0x000002b87a9dc800, 0x000002b87a9dd800,
0x000002b87a9de800, 0x000002b87a9e1000, 0x000002b87a9e4000, 0x000002b87a9f3000,
0x000002b87a99d800, 0x000002b87b4ea800, 0x000002b87b97b000, 0x000002b87b97e800,
0x000002b87b984800, 0x000002b87bd73800, 0x000002b87de2f000, 0x000002b85bdd7000,
0x000002b87dcc3800, 0x000002b87dcc4000, 0x000002b87dcc6000, 0x000002b87dcc5000,
0x000002b87dcc6800, 0x000002b87dcc7800, 0x000002b87dcc2000, 0x000002b87dcc8800,
0x000002b87dcc2800, 0x000002b87be4c000, 0x000002b87be46000, 0x000002b87be4c800,
0x000002b87be47000, 0x000002b87be48800, 0x000002b87be48000
}

Java Threads: ( => current thread )
  0x000002b87a9b9000 JavaThread "Reference Handler" daemon [_thread_blocked, id=9292, stack(0x000000c591d00000,0x000000c591e00000)]
  0x000002b87a9bc800 JavaThread "Finalizer" daemon [_thread_blocked, id=16256, stack(0x000000c591e00000,0x000000c591f00000)]
  0x000002b87a9dc800 JavaThread "Signal Dispatcher" daemon [_thread_blocked, id=5456, stack(0x000000c591f00000,0x000000c592000000)]
  0x000002b87a9dd800 JavaThread "Attach Listener" daemon [_thread_blocked, id=19364, stack(0x000000c592000000,0x000000c592100000)]
  0x000002b87a9de800 JavaThread "Service Thread" daemon [_thread_blocked, id=12432, stack(0x000000c592100000,0x000000c592200000)]
  0x000002b87a9e1000 JavaThread "C2 CompilerThread0" daemon [_thread_blocked, id=356, stack(0x000000c592200000,0x000000c592300000)]
  0x000002b87a9e4000 JavaThread "C1 CompilerThread0" daemon [_thread_blocked, id=8688, stack(0x000000c592300000,0x000000c592400000)]
  0x000002b87a9f3000 JavaThread "Sweeper thread" daemon [_thread_blocked, id=8412, stack(0x000000c592400000,0x000000c592500000)]
  0x000002b87a99d800 JavaThread "Common-Cleaner" daemon [_thread_blocked, id=12048, stack(0x000000c592500000,0x000000c592600000)]
  0x000002b87b4ea800 JavaThread "Monitor Ctrl-Break" daemon [_thread_in_native, id=17444, stack(0x000000c592700000,0x000000c592800000)]
  0x000002b87b97b000 JavaThread "Java2D Disposer" daemon [_thread_blocked, id=13528, stack(0x000000c592900000,0x000000c592a00000)]
  0x000002b87b97e800 JavaThread "AWT-Shutdown" [_thread_blocked, id=2472, stack(0x000000c592a00000,0x000000c592b00000)]
  0x000002b87b984800 JavaThread "AWT-Windows" daemon [_thread_in_native, id=11900, stack(0x000000c592b00000,0x000000c592c00000)]
=>0x000002b87bd73800 JavaThread "AWT-EventQueue-0" [_thread_in_native, id=2532, stack(0x000000c592c00000,0x000000c592d00000)]
  0x000002b87de2f000 JavaThread "TimerQueue" daemon [_thread_blocked, id=14796, stack(0x000000c593800000,0x000000c593900000)]
  0x000002b85bdd7000 JavaThread "DestroyJavaVM" [_thread_blocked, id=8780, stack(0x000000c591600000,0x000000c591700000)]
  0x000002b87dcc3800 JavaThread "Thread-3" [_thread_blocked, id=2468, stack(0x000000c591300000,0x000000c591400000)]
  0x000002b87dcc4000 JavaThread "Thread-4" [_thread_blocked, id=14960, stack(0x000000c591400000,0x000000c591500000)]
  0x000002b87dcc6000 JavaThread "Thread-5" [_thread_blocked, id=17500, stack(0x000000c591500000,0x000000c591600000)]
  0x000002b87dcc5000 JavaThread "Thread-6" [_thread_blocked, id=14268, stack(0x000000c593900000,0x000000c593a00000)]
  0x000002b87dcc6800 JavaThread "Thread-7" [_thread_blocked, id=3712, stack(0x000000c593b00000,0x000000c593c00000)]
  0x000002b87dcc7800 JavaThread "Thread-8" [_thread_blocked, id=12652, stack(0x000000c593c00000,0x000000c593d00000)]
  0x000002b87dcc2000 JavaThread "Thread-9" [_thread_blocked, id=5920, stack(0x000000c593d00000,0x000000c593e00000)]
  0x000002b87dcc8800 JavaThread "Thread-10" [_thread_blocked, id=12380, stack(0x000000c593e00000,0x000000c593f00000)]
  0x000002b87dcc2800 JavaThread "Thread-11" [_thread_blocked, id=8100, stack(0x000000c593f00000,0x000000c594000000)]
  0x000002b87be4c000 JavaThread "Thread-12" [_thread_blocked, id=10568, stack(0x000000c594000000,0x000000c594100000)]
  0x000002b87be46000 JavaThread "Thread-13" [_thread_blocked, id=13676, stack(0x000000c594100000,0x000000c594200000)]
  0x000002b87be4c800 JavaThread "Thread-14" [_thread_blocked, id=520, stack(0x000000c594200000,0x000000c594300000)]
  0x000002b87be47000 JavaThread "Thread-15" [_thread_blocked, id=9048, stack(0x000000c594300000,0x000000c594400000)]
  0x000002b87be48800 JavaThread "Thread-16" [_thread_blocked, id=11976, stack(0x000000c594400000,0x000000c594500000)]
  0x000002b87be48000 JavaThread "ToolkitShutdown" daemon [_thread_in_native, id=10304, stack(0x000000c594500000,0x000000c594600000)]

Other Threads:
  0x000002b87a9b5000 VMThread "VM Thread" [stack: 0x000000c591c00000,0x000000c591d00000] [id=10468]
  0x000002b87b61a800 WatcherThread [stack: 0x000000c592800000,0x000000c592900000] [id=12796]
  0x000002b85be1a800 GCTaskThread "GC Thread#0" [stack: 0x000000c591700000,0x000000c591800000] [id=14708]
  0x000002b87ddbd000 GCTaskThread "GC Thread#1" [stack: 0x000000c593100000,0x000000c593200000] [id=16720]
  0x000002b87ddbe000 GCTaskThread "GC Thread#2" [stack: 0x000000c593200000,0x000000c593300000] [id=12416]
  0x000002b87e6b2800 GCTaskThread "GC Thread#3" [stack: 0x000000c593300000,0x000000c593400000] [id=14120]
  0x000002b87e6b3000 GCTaskThread "GC Thread#4" [stack: 0x000000c593400000,0x000000c593500000] [id=2804]
  0x000002b87e12e800 GCTaskThread "GC Thread#5" [stack: 0x000000c593500000,0x000000c593600000] [id=7200]
  0x000002b85be2b800 ConcurrentGCThread "G1 Main Marker" [stack: 0x000000c591800000,0x000000c591900000] [id=17860]
  0x000002b85be2d800 ConcurrentGCThread "G1 Conc#0" [stack: 0x000000c591900000,0x000000c591a00000] [id=2660]
  0x000002b87a836800 ConcurrentGCThread "G1 Refine#0" [stack: 0x000000c591a00000,0x000000c591b00000] [id=9996]
  0x000002b85beac800 ConcurrentGCThread "G1 Young RemSet Sampling" [stack: 0x000000c591b00000,0x000000c591c00000] [id=7788]

Threads with active compile tasks:

VM state:not at safepoint (normal execution)

VM Mutex/Monitor currently owned by a thread: None

Heap address: 0x0000000082000000, size: 2016 MB, Compressed Oops mode: 32-bit
Narrow klass base: 0x0000000800000000, Narrow klass shift: 3
Compressed class space size: 1073741824 Address: 0x0000000800b10000

Heap:
 garbage-first heap   total 129024K, used 37162K [0x0000000082000000, 0x0000000100000000)
  region size 1024K, 32 young (32768K), 3 survivors (3072K)
 Metaspace       used 16872K, capacity 17293K, committed 17536K, reserved 1064960K
  class space    used 1643K, capacity 1797K, committed 1920K, reserved 1048576K
Heap Regions: E=young(eden), S=young(survivor), O=old, HS=humongous(starts), HC=humongous(continues), CS=collection set, F=free, A=archive, TAMS=top-at-mark-start (previous, next)
|   0|0x0000000082000000, 0x0000000082000000, 0x0000000082100000|  0%| F|  |TAMS 0x0000000082000000, 0x0000000082000000| Untracked 
|   1|0x0000000082100000, 0x0000000082200000, 0x0000000082200000|100%| O|  |TAMS 0x0000000082100000, 0x0000000082100000| Untracked 
|   2|0x0000000082200000, 0x000000008224aa00, 0x0000000082300000| 29%| O|  |TAMS 0x0000000082200000, 0x0000000082200000| Untracked 
|   3|0x0000000082300000, 0x0000000082400000, 0x0000000082400000|100%|HS|  |TAMS 0x0000000082300000, 0x0000000082300000| Complete 
|   4|0x0000000082400000, 0x0000000082500000, 0x0000000082500000|100%|HC|  |TAMS 0x0000000082400000, 0x0000000082400000| Complete 
|   5|0x0000000082500000, 0x0000000082600000, 0x0000000082600000|100%|HC|  |TAMS 0x0000000082500000, 0x0000000082500000| Complete 
|   6|0x0000000082600000, 0x0000000082700000, 0x0000000082700000|100%|HC|  |TAMS 0x0000000082600000, 0x0000000082600000| Complete 
|   7|0x0000000082700000, 0x0000000082700000, 0x0000000082800000|  0%| F|  |TAMS 0x0000000082700000, 0x0000000082700000| Untracked 
|   8|0x0000000082800000, 0x0000000082800000, 0x0000000082900000|  0%| F|  |TAMS 0x0000000082800000, 0x0000000082800000| Untracked 
|   9|0x0000000082900000, 0x0000000082900000, 0x0000000082a00000|  0%| F|  |TAMS 0x0000000082900000, 0x0000000082900000| Untracked 
|  10|0x0000000082a00000, 0x0000000082a00000, 0x0000000082b00000|  0%| F|  |TAMS 0x0000000082a00000, 0x0000000082a00000| Untracked 
|  11|0x0000000082b00000, 0x0000000082b00000, 0x0000000082c00000|  0%| F|  |TAMS 0x0000000082b00000, 0x0000000082b00000| Untracked 
|  12|0x0000000082c00000, 0x0000000082c00000, 0x0000000082d00000|  0%| F|  |TAMS 0x0000000082c00000, 0x0000000082c00000| Untracked 
|  13|0x0000000082d00000, 0x0000000082d00000, 0x0000000082e00000|  0%| F|  |TAMS 0x0000000082d00000, 0x0000000082d00000| Untracked 
|  14|0x0000000082e00000, 0x0000000082e00000, 0x0000000082f00000|  0%| F|  |TAMS 0x0000000082e00000, 0x0000000082e00000| Untracked 
|  15|0x0000000082f00000, 0x0000000082f00000, 0x0000000083000000|  0%| F|  |TAMS 0x0000000082f00000, 0x0000000082f00000| Untracked 
|  16|0x0000000083000000, 0x0000000083000000, 0x0000000083100000|  0%| F|  |TAMS 0x0000000083000000, 0x0000000083000000| Untracked 
|  17|0x0000000083100000, 0x0000000083100000, 0x0000000083200000|  0%| F|  |TAMS 0x0000000083100000, 0x0000000083100000| Untracked 
|  18|0x0000000083200000, 0x0000000083200000, 0x0000000083300000|  0%| F|  |TAMS 0x0000000083200000, 0x0000000083200000| Untracked 
|  19|0x0000000083300000, 0x0000000083300000, 0x0000000083400000|  0%| F|  |TAMS 0x0000000083300000, 0x0000000083300000| Untracked 
|  20|0x0000000083400000, 0x0000000083400000, 0x0000000083500000|  0%| F|  |TAMS 0x0000000083400000, 0x0000000083400000| Untracked 
|  21|0x0000000083500000, 0x0000000083500000, 0x0000000083600000|  0%| F|  |TAMS 0x0000000083500000, 0x0000000083500000| Untracked 
|  22|0x0000000083600000, 0x0000000083600000, 0x0000000083700000|  0%| F|  |TAMS 0x0000000083600000, 0x0000000083600000| Untracked 
|  23|0x0000000083700000, 0x0000000083700000, 0x0000000083800000|  0%| F|  |TAMS 0x0000000083700000, 0x0000000083700000| Untracked 
|  24|0x0000000083800000, 0x0000000083800000, 0x0000000083900000|  0%| F|  |TAMS 0x0000000083800000, 0x0000000083800000| Untracked 
|  25|0x0000000083900000, 0x0000000083900000, 0x0000000083a00000|  0%| F|  |TAMS 0x0000000083900000, 0x0000000083900000| Untracked 
|  26|0x0000000083a00000, 0x0000000083a00000, 0x0000000083b00000|  0%| F|  |TAMS 0x0000000083a00000, 0x0000000083a00000| Untracked 
|  27|0x0000000083b00000, 0x0000000083b00000, 0x0000000083c00000|  0%| F|  |TAMS 0x0000000083b00000, 0x0000000083b00000| Untracked 
|  28|0x0000000083c00000, 0x0000000083c00000, 0x0000000083d00000|  0%| F|  |TAMS 0x0000000083c00000, 0x0000000083c00000| Untracked 
|  29|0x0000000083d00000, 0x0000000083d00000, 0x0000000083e00000|  0%| F|  |TAMS 0x0000000083d00000, 0x0000000083d00000| Untracked 
|  30|0x0000000083e00000, 0x0000000083e00000, 0x0000000083f00000|  0%| F|  |TAMS 0x0000000083e00000, 0x0000000083e00000| Untracked 
|  31|0x0000000083f00000, 0x0000000083f00000, 0x0000000084000000|  0%| F|  |TAMS 0x0000000083f00000, 0x0000000083f00000| Untracked 
|  32|0x0000000084000000, 0x0000000084000000, 0x0000000084100000|  0%| F|  |TAMS 0x0000000084000000, 0x0000000084000000| Untracked 
|  33|0x0000000084100000, 0x0000000084100000, 0x0000000084200000|  0%| F|  |TAMS 0x0000000084100000, 0x0000000084100000| Untracked 
|  34|0x0000000084200000, 0x0000000084200000, 0x0000000084300000|  0%| F|  |TAMS 0x0000000084200000, 0x0000000084200000| Untracked 
|  35|0x0000000084300000, 0x0000000084300000, 0x0000000084400000|  0%| F|  |TAMS 0x0000000084300000, 0x0000000084300000| Untracked 
|  36|0x0000000084400000, 0x0000000084400000, 0x0000000084500000|  0%| F|  |TAMS 0x0000000084400000, 0x0000000084400000| Untracked 
|  37|0x0000000084500000, 0x0000000084500000, 0x0000000084600000|  0%| F|  |TAMS 0x0000000084500000, 0x0000000084500000| Untracked 
|  38|0x0000000084600000, 0x0000000084600000, 0x0000000084700000|  0%| F|  |TAMS 0x0000000084600000, 0x0000000084600000| Untracked 
|  39|0x0000000084700000, 0x0000000084700000, 0x0000000084800000|  0%| F|  |TAMS 0x0000000084700000, 0x0000000084700000| Untracked 
|  40|0x0000000084800000, 0x0000000084800000, 0x0000000084900000|  0%| F|  |TAMS 0x0000000084800000, 0x0000000084800000| Untracked 
|  41|0x0000000084900000, 0x0000000084900000, 0x0000000084a00000|  0%| F|  |TAMS 0x0000000084900000, 0x0000000084900000| Untracked 
|  42|0x0000000084a00000, 0x0000000084a00000, 0x0000000084b00000|  0%| F|  |TAMS 0x0000000084a00000, 0x0000000084a00000| Untracked 
|  43|0x0000000084b00000, 0x0000000084b00000, 0x0000000084c00000|  0%| F|  |TAMS 0x0000000084b00000, 0x0000000084b00000| Untracked 
|  44|0x0000000084c00000, 0x0000000084c00000, 0x0000000084d00000|  0%| F|  |TAMS 0x0000000084c00000, 0x0000000084c00000| Untracked 
|  45|0x0000000084d00000, 0x0000000084d00000, 0x0000000084e00000|  0%| F|  |TAMS 0x0000000084d00000, 0x0000000084d00000| Untracked 
|  46|0x0000000084e00000, 0x0000000084e00000, 0x0000000084f00000|  0%| F|  |TAMS 0x0000000084e00000, 0x0000000084e00000| Untracked 
|  47|0x0000000084f00000, 0x0000000084f00000, 0x0000000085000000|  0%| F|  |TAMS 0x0000000084f00000, 0x0000000084f00000| Untracked 
|  48|0x0000000085000000, 0x0000000085000000, 0x0000000085100000|  0%| F|  |TAMS 0x0000000085000000, 0x0000000085000000| Untracked 
|  49|0x0000000085100000, 0x0000000085100000, 0x0000000085200000|  0%| F|  |TAMS 0x0000000085100000, 0x0000000085100000| Untracked 
|  50|0x0000000085200000, 0x0000000085200000, 0x0000000085300000|  0%| F|  |TAMS 0x0000000085200000, 0x0000000085200000| Untracked 
|  51|0x0000000085300000, 0x0000000085300000, 0x0000000085400000|  0%| F|  |TAMS 0x0000000085300000, 0x0000000085300000| Untracked 
|  52|0x0000000085400000, 0x0000000085400000, 0x0000000085500000|  0%| F|  |TAMS 0x0000000085400000, 0x0000000085400000| Untracked 
|  53|0x0000000085500000, 0x0000000085500000, 0x0000000085600000|  0%| F|  |TAMS 0x0000000085500000, 0x0000000085500000| Untracked 
|  54|0x0000000085600000, 0x0000000085600000, 0x0000000085700000|  0%| F|  |TAMS 0x0000000085600000, 0x0000000085600000| Untracked 
|  55|0x0000000085700000, 0x0000000085700000, 0x0000000085800000|  0%| F|  |TAMS 0x0000000085700000, 0x0000000085700000| Untracked 
|  56|0x0000000085800000, 0x0000000085800000, 0x0000000085900000|  0%| F|  |TAMS 0x0000000085800000, 0x0000000085800000| Untracked 
|  57|0x0000000085900000, 0x0000000085900000, 0x0000000085a00000|  0%| F|  |TAMS 0x0000000085900000, 0x0000000085900000| Untracked 
|  58|0x0000000085a00000, 0x0000000085a00000, 0x0000000085b00000|  0%| F|  |TAMS 0x0000000085a00000, 0x0000000085a00000| Untracked 
|  59|0x0000000085b00000, 0x0000000085b00000, 0x0000000085c00000|  0%| F|  |TAMS 0x0000000085b00000, 0x0000000085b00000| Untracked 
|  60|0x0000000085c00000, 0x0000000085c00000, 0x0000000085d00000|  0%| F|  |TAMS 0x0000000085c00000, 0x0000000085c00000| Untracked 
|  61|0x0000000085d00000, 0x0000000085d00000, 0x0000000085e00000|  0%| F|  |TAMS 0x0000000085d00000, 0x0000000085d00000| Untracked 
|  62|0x0000000085e00000, 0x0000000085e00000, 0x0000000085f00000|  0%| F|  |TAMS 0x0000000085e00000, 0x0000000085e00000| Untracked 
|  63|0x0000000085f00000, 0x0000000085f00000, 0x0000000086000000|  0%| F|  |TAMS 0x0000000085f00000, 0x0000000085f00000| Untracked 
|  64|0x0000000086000000, 0x0000000086000000, 0x0000000086100000|  0%| F|  |TAMS 0x0000000086000000, 0x0000000086000000| Untracked 
|  65|0x0000000086100000, 0x0000000086100000, 0x0000000086200000|  0%| F|  |TAMS 0x0000000086100000, 0x0000000086100000| Untracked 
|  66|0x0000000086200000, 0x0000000086200000, 0x0000000086300000|  0%| F|  |TAMS 0x0000000086200000, 0x0000000086200000| Untracked 
|  67|0x0000000086300000, 0x0000000086300000, 0x0000000086400000|  0%| F|  |TAMS 0x0000000086300000, 0x0000000086300000| Untracked 
|  68|0x0000000086400000, 0x0000000086400000, 0x0000000086500000|  0%| F|  |TAMS 0x0000000086400000, 0x0000000086400000| Untracked 
|  69|0x0000000086500000, 0x0000000086500000, 0x0000000086600000|  0%| F|  |TAMS 0x0000000086500000, 0x0000000086500000| Untracked 
|  70|0x0000000086600000, 0x0000000086600000, 0x0000000086700000|  0%| F|  |TAMS 0x0000000086600000, 0x0000000086600000| Untracked 
|  71|0x0000000086700000, 0x0000000086700000, 0x0000000086800000|  0%| F|  |TAMS 0x0000000086700000, 0x0000000086700000| Untracked 
|  72|0x0000000086800000, 0x0000000086800000, 0x0000000086900000|  0%| F|  |TAMS 0x0000000086800000, 0x0000000086800000| Untracked 
|  73|0x0000000086900000, 0x0000000086900000, 0x0000000086a00000|  0%| F|  |TAMS 0x0000000086900000, 0x0000000086900000| Untracked 
|  74|0x0000000086a00000, 0x0000000086a00000, 0x0000000086b00000|  0%| F|  |TAMS 0x0000000086a00000, 0x0000000086a00000| Untracked 
|  75|0x0000000086b00000, 0x0000000086b00000, 0x0000000086c00000|  0%| F|  |TAMS 0x0000000086b00000, 0x0000000086b00000| Untracked 
|  76|0x0000000086c00000, 0x0000000086c00000, 0x0000000086d00000|  0%| F|  |TAMS 0x0000000086c00000, 0x0000000086c00000| Untracked 
|  77|0x0000000086d00000, 0x0000000086d00000, 0x0000000086e00000|  0%| F|  |TAMS 0x0000000086d00000, 0x0000000086d00000| Untracked 
|  78|0x0000000086e00000, 0x0000000086e00000, 0x0000000086f00000|  0%| F|  |TAMS 0x0000000086e00000, 0x0000000086e00000| Untracked 
|  79|0x0000000086f00000, 0x0000000086f00000, 0x0000000087000000|  0%| F|  |TAMS 0x0000000086f00000, 0x0000000086f00000| Untracked 
|  80|0x0000000087000000, 0x0000000087000000, 0x0000000087100000|  0%| F|  |TAMS 0x0000000087000000, 0x0000000087000000| Untracked 
|  81|0x0000000087100000, 0x0000000087100000, 0x0000000087200000|  0%| F|  |TAMS 0x0000000087100000, 0x0000000087100000| Untracked 
|  82|0x0000000087200000, 0x0000000087200000, 0x0000000087300000|  0%| F|  |TAMS 0x0000000087200000, 0x0000000087200000| Untracked 
|  83|0x0000000087300000, 0x0000000087300000, 0x0000000087400000|  0%| F|  |TAMS 0x0000000087300000, 0x0000000087300000| Untracked 
|  84|0x0000000087400000, 0x0000000087400000, 0x0000000087500000|  0%| F|  |TAMS 0x0000000087400000, 0x0000000087400000| Untracked 
|  85|0x0000000087500000, 0x0000000087500000, 0x0000000087600000|  0%| F|  |TAMS 0x0000000087500000, 0x0000000087500000| Untracked 
|  86|0x0000000087600000, 0x0000000087600000, 0x0000000087700000|  0%| F|  |TAMS 0x0000000087600000, 0x0000000087600000| Untracked 
|  87|0x0000000087700000, 0x0000000087700000, 0x0000000087800000|  0%| F|  |TAMS 0x0000000087700000, 0x0000000087700000| Untracked 
|  88|0x0000000087800000, 0x0000000087800000, 0x0000000087900000|  0%| F|  |TAMS 0x0000000087800000, 0x0000000087800000| Untracked 
|  89|0x0000000087900000, 0x0000000087900000, 0x0000000087a00000|  0%| F|  |TAMS 0x0000000087900000, 0x0000000087900000| Untracked 
|  90|0x0000000087a00000, 0x0000000087a00000, 0x0000000087b00000|  0%| F|  |TAMS 0x0000000087a00000, 0x0000000087a00000| Untracked 
|  91|0x0000000087b00000, 0x0000000087b00000, 0x0000000087c00000|  0%| F|  |TAMS 0x0000000087b00000, 0x0000000087b00000| Untracked 
|  92|0x0000000087c00000, 0x0000000087c00000, 0x0000000087d00000|  0%| F|  |TAMS 0x0000000087c00000, 0x0000000087c00000| Untracked 
|  93|0x0000000087d00000, 0x0000000087d00000, 0x0000000087e00000|  0%| F|  |TAMS 0x0000000087d00000, 0x0000000087d00000| Untracked 
|  94|0x0000000087e00000, 0x0000000087e5cae0, 0x0000000087f00000| 36%| E|  |TAMS 0x0000000087e00000, 0x0000000087e00000| Complete 
|  95|0x0000000087f00000, 0x0000000088000000, 0x0000000088000000|100%| E|CS|TAMS 0x0000000087f00000, 0x0000000087f00000| Complete 
|  96|0x0000000088000000, 0x0000000088100000, 0x0000000088100000|100%| E|CS|TAMS 0x0000000088000000, 0x0000000088000000| Complete 
|  97|0x0000000088100000, 0x0000000088200000, 0x0000000088200000|100%| E|CS|TAMS 0x0000000088100000, 0x0000000088100000| Complete 
|  98|0x0000000088200000, 0x0000000088300000, 0x0000000088300000|100%| E|CS|TAMS 0x0000000088200000, 0x0000000088200000| Complete 
|  99|0x0000000088300000, 0x0000000088400000, 0x0000000088400000|100%| E|CS|TAMS 0x0000000088300000, 0x0000000088300000| Complete 
| 100|0x0000000088400000, 0x0000000088500000, 0x0000000088500000|100%| E|CS|TAMS 0x0000000088400000, 0x0000000088400000| Complete 
| 101|0x0000000088500000, 0x0000000088600000, 0x0000000088600000|100%| S|CS|TAMS 0x0000000088500000, 0x0000000088500000| Complete 
| 102|0x0000000088600000, 0x0000000088700000, 0x0000000088700000|100%| S|CS|TAMS 0x0000000088600000, 0x0000000088600000| Complete 
| 103|0x0000000088700000, 0x0000000088800000, 0x0000000088800000|100%| S|CS|TAMS 0x0000000088700000, 0x0000000088700000| Complete 
| 104|0x0000000088800000, 0x0000000088900000, 0x0000000088900000|100%| E|CS|TAMS 0x0000000088800000, 0x0000000088800000| Complete 
| 105|0x0000000088900000, 0x0000000088a00000, 0x0000000088a00000|100%| E|CS|TAMS 0x0000000088900000, 0x0000000088900000| Complete 
| 106|0x0000000088a00000, 0x0000000088b00000, 0x0000000088b00000|100%| E|CS|TAMS 0x0000000088a00000, 0x0000000088a00000| Complete 
| 107|0x0000000088b00000, 0x0000000088c00000, 0x0000000088c00000|100%| E|CS|TAMS 0x0000000088b00000, 0x0000000088b00000| Complete 
| 108|0x0000000088c00000, 0x0000000088d00000, 0x0000000088d00000|100%| E|CS|TAMS 0x0000000088c00000, 0x0000000088c00000| Complete 
| 109|0x0000000088d00000, 0x0000000088e00000, 0x0000000088e00000|100%| E|CS|TAMS 0x0000000088d00000, 0x0000000088d00000| Complete 
| 110|0x0000000088e00000, 0x0000000088f00000, 0x0000000088f00000|100%| E|CS|TAMS 0x0000000088e00000, 0x0000000088e00000| Complete 
| 111|0x0000000088f00000, 0x0000000089000000, 0x0000000089000000|100%| E|CS|TAMS 0x0000000088f00000, 0x0000000088f00000| Complete 
| 112|0x0000000089000000, 0x0000000089100000, 0x0000000089100000|100%| E|CS|TAMS 0x0000000089000000, 0x0000000089000000| Complete 
| 113|0x0000000089100000, 0x0000000089200000, 0x0000000089200000|100%| E|CS|TAMS 0x0000000089100000, 0x0000000089100000| Complete 
| 114|0x0000000089200000, 0x0000000089300000, 0x0000000089300000|100%| E|CS|TAMS 0x0000000089200000, 0x0000000089200000| Complete 
| 115|0x0000000089300000, 0x0000000089400000, 0x0000000089400000|100%| E|CS|TAMS 0x0000000089300000, 0x0000000089300000| Complete 
| 116|0x0000000089400000, 0x0000000089500000, 0x0000000089500000|100%| E|CS|TAMS 0x0000000089400000, 0x0000000089400000| Complete 
| 117|0x0000000089500000, 0x0000000089600000, 0x0000000089600000|100%| E|CS|TAMS 0x0000000089500000, 0x0000000089500000| Complete 
| 118|0x0000000089600000, 0x0000000089700000, 0x0000000089700000|100%| E|CS|TAMS 0x0000000089600000, 0x0000000089600000| Complete 
| 119|0x0000000089700000, 0x0000000089800000, 0x0000000089800000|100%| E|CS|TAMS 0x0000000089700000, 0x0000000089700000| Complete 
| 120|0x0000000089800000, 0x0000000089900000, 0x0000000089900000|100%| E|CS|TAMS 0x0000000089800000, 0x0000000089800000| Complete 
| 121|0x0000000089900000, 0x0000000089a00000, 0x0000000089a00000|100%| E|CS|TAMS 0x0000000089900000, 0x0000000089900000| Complete 
| 122|0x0000000089a00000, 0x0000000089b00000, 0x0000000089b00000|100%| E|CS|TAMS 0x0000000089a00000, 0x0000000089a00000| Complete 
| 123|0x0000000089b00000, 0x0000000089c00000, 0x0000000089c00000|100%| E|CS|TAMS 0x0000000089b00000, 0x0000000089b00000| Complete 
| 124|0x0000000089c00000, 0x0000000089d00000, 0x0000000089d00000|100%| E|CS|TAMS 0x0000000089c00000, 0x0000000089c00000| Complete 
| 125|0x0000000089d00000, 0x0000000089e00000, 0x0000000089e00000|100%| E|CS|TAMS 0x0000000089d00000, 0x0000000089d00000| Complete 

Card table byte_map: [0x000002b873ae0000,0x000002b873ed0000] _byte_map_base: 0x000002b8736d0000

Marking Bits (Prev, Next): (CMBitMap*) 0x000002b85be1b0f8, (CMBitMap*) 0x000002b85be1b138
 Prev Bits: [0x000002b8742c0000, 0x000002b876240000)
 Next Bits: [0x000002b876240000, 0x000002b8781c0000)

Polling page: 0x000002b859c70000

Metaspace:

Usage:
  Non-class:     15.13 MB capacity,    14.87 MB ( 98%) used,   234.13 KB (  2%) free+waste,    33.13 KB ( <1%) overhead. 
      Class:      1.75 MB capacity,     1.61 MB ( 91%) used,   135.84 KB (  8%) free+waste,    17.44 KB ( <1%) overhead. 
       Both:     16.89 MB capacity,    16.48 MB ( 98%) used,   369.97 KB (  2%) free+waste,    50.56 KB ( <1%) overhead. 

Virtual space:
  Non-class space:       16.00 MB reserved,      15.25 MB ( 95%) committed 
      Class space:        1.00 GB reserved,       1.88 MB ( <1%) committed 
             Both:        1.02 GB reserved,      17.13 MB (  2%) committed 

Chunk freelists:
   Non-Class:  56.00 KB
       Class:  27.00 KB
        Both:  83.00 KB

MaxMetaspaceSize: 17179869184.00 GB
CompressedClassSpaceSize: 1.00 GB

CodeHeap 'non-profiled nmethods': size=120000Kb used=684Kb max_used=684Kb free=119316Kb
 bounds [0x000002b86c0b0000, 0x000002b86c320000, 0x000002b8735e0000]
CodeHeap 'profiled nmethods': size=120000Kb used=3980Kb max_used=3980Kb free=116019Kb
 bounds [0x000002b864b80000, 0x000002b864f70000, 0x000002b86c0b0000]
CodeHeap 'non-nmethods': size=5760Kb used=1534Kb max_used=1557Kb free=4226Kb
 bounds [0x000002b8645e0000, 0x000002b864850000, 0x000002b864b80000]
 total_blobs=3040 nmethods=2141 adapters=811
 compilation: enabled
              stopped_count=0, restarted_count=0
 full_count=0

Compilation events (20 events):
Event: 69.642 Thread 0x000002b87a9e4000 2134       1       sun.util.locale.StringTokenIterator::current (5 bytes)
Event: 69.642 Thread 0x000002b87a9e4000 nmethod 2134 0x000002b86c15aa10 code [0x000002b86c15aba0, 0x000002b86c15ac78]
Event: 69.646 Thread 0x000002b87a9e4000 2135       3       com.intellij.uiDesigner.core.AbstractLayout::getComponentCount (6 bytes)
Event: 69.646 Thread 0x000002b87a9e4000 nmethod 2135 0x000002b864f5ff90 code [0x000002b864f60120, 0x000002b864f60258]
Event: 69.646 Thread 0x000002b87a9e4000 2136       3       javax.swing.ArrayTable::isArray (8 bytes)
Event: 69.646 Thread 0x000002b87a9e4000 nmethod 2136 0x000002b864f60310 code [0x000002b864f604a0, 0x000002b864f606d8]
Event: 69.646 Thread 0x000002b87a9e4000 2139       3       com.intellij.uiDesigner.core.DimensionInfo::getCellSizePolicy (7 bytes)
Event: 69.646 Thread 0x000002b87a9e4000 nmethod 2139 0x000002b864f60790 code [0x000002b864f60920, 0x000002b864f60a78]
Event: 69.646 Thread 0x000002b87a9e4000 2137       3       com.jogamp.opengl.util.AnimatorBase::isStartedImpl (13 bytes)
Event: 69.646 Thread 0x000002b87a9e4000 nmethod 2137 0x000002b864f60b90 code [0x000002b864f60d20, 0x000002b864f60e98]
Event: 69.646 Thread 0x000002b87a9e4000 2138       3       com.jogamp.opengl.util.FPSAnimator$3::eval (8 bytes)
Event: 69.647 Thread 0x000002b87a9e4000 nmethod 2138 0x000002b864f60f10 code [0x000002b864f610c0, 0x000002b864f612b8]
Event: 69.649 Thread 0x000002b87a9e4000 2140       3       sun.java2d.pipe.Region::getIntersection (132 bytes)
Event: 69.649 Thread 0x000002b87a9e4000 nmethod 2140 0x000002b864f61390 code [0x000002b864f61580, 0x000002b864f61c08]
Event: 69.649 Thread 0x000002b87a9e4000 2141   !   3       jdk.internal.reflect.GeneratedMethodAccessor2::invoke (49 bytes)
Event: 69.650 Thread 0x000002b87a9e4000 nmethod 2141 0x000002b864f61d90 code [0x000002b864f61fe0, 0x000002b864f62968]
Event: 69.707 Thread 0x000002b87a9e1000 2142       4       com.jogamp.opengl.util.FPSAnimator$3::eval (8 bytes)
Event: 69.707 Thread 0x000002b87a9e1000 nmethod 2142 0x000002b86c15ad10 code [0x000002b86c15ae80, 0x000002b86c15af18]
Event: 69.750 Thread 0x000002b87a9e4000 2143       3       java.util.concurrent.atomic.AtomicBoolean::set (14 bytes)
Event: 69.750 Thread 0x000002b87a9e4000 nmethod 2143 0x000002b864f62d90 code [0x000002b864f62f20, 0x000002b864f63098]

GC Heap History (2 events):
Event: 1.351 GC heap before
{Heap before GC invocations=0 (full 0):
 garbage-first heap   total 129024K, used 22528K [0x0000000082000000, 0x0000000100000000)
  region size 1024K, 22 young (22528K), 0 survivors (0K)
 Metaspace       used 12577K, capacity 12885K, committed 13184K, reserved 1060864K
  class space    used 1171K, capacity 1288K, committed 1408K, reserved 1048576K
}
Event: 1.367 GC heap after
{Heap after GC invocations=1 (full 0):
 garbage-first heap   total 129024K, used 4394K [0x0000000082000000, 0x0000000100000000)
  region size 1024K, 3 young (3072K), 3 survivors (3072K)
 Metaspace       used 12577K, capacity 12885K, committed 13184K, reserved 1060864K
  class space    used 1171K, capacity 1288K, committed 1408K, reserved 1048576K
}

Deoptimization events (20 events):
Event: 69.639 Thread 0x000002b87bd73800 Uncommon trap: trap_request=0xffffffbe fr.pc=0x000002b86c125584 relative=0x0000000000000fa4
Event: 69.639 Thread 0x000002b87bd73800 Uncommon trap: reason=profile_predicate action=maybe_recompile pc=0x000002b86c125584 method=jdk.internal.org.objectweb.asm.ByteVector.putUTF8(Ljava/lang/String;)Ljdk/internal/org/objectweb/asm/ByteVector; @ 79 c2
Event: 69.639 Thread 0x000002b87bd73800 DEOPT PACKING pc=0x000002b86c125584 sp=0x000000c592cfd970
Event: 69.639 Thread 0x000002b87bd73800 DEOPT UNPACKING pc=0x000002b86462912f sp=0x000000c592cfd8d8 mode 2
Event: 69.639 Thread 0x000002b87bd73800 Uncommon trap: trap_request=0xffffffbe fr.pc=0x000002b86c125584 relative=0x0000000000000fa4
Event: 69.639 Thread 0x000002b87bd73800 Uncommon trap: reason=profile_predicate action=maybe_recompile pc=0x000002b86c125584 method=jdk.internal.org.objectweb.asm.ByteVector.putUTF8(Ljava/lang/String;)Ljdk/internal/org/objectweb/asm/ByteVector; @ 79 c2
Event: 69.639 Thread 0x000002b87bd73800 DEOPT PACKING pc=0x000002b86c125584 sp=0x000000c592cfd970
Event: 69.639 Thread 0x000002b87bd73800 DEOPT UNPACKING pc=0x000002b86462912f sp=0x000000c592cfd8d8 mode 2
Event: 69.639 Thread 0x000002b87bd73800 Uncommon trap: trap_request=0xffffffbe fr.pc=0x000002b86c125584 relative=0x0000000000000fa4
Event: 69.639 Thread 0x000002b87bd73800 Uncommon trap: reason=profile_predicate action=maybe_recompile pc=0x000002b86c125584 method=jdk.internal.org.objectweb.asm.ByteVector.putUTF8(Ljava/lang/String;)Ljdk/internal/org/objectweb/asm/ByteVector; @ 79 c2
Event: 69.639 Thread 0x000002b87bd73800 DEOPT PACKING pc=0x000002b86c125584 sp=0x000000c592cfd9f0
Event: 69.639 Thread 0x000002b87bd73800 DEOPT UNPACKING pc=0x000002b86462912f sp=0x000000c592cfd968 mode 2
Event: 69.656 Thread 0x000002b87bd73800 DEOPT PACKING pc=0x000002b864f5e4f9 sp=0x000000c592cfeba0
Event: 69.656 Thread 0x000002b87bd73800 DEOPT UNPACKING pc=0x000002b86462964e sp=0x000000c592cfe078 mode 0
Event: 69.748 Thread 0x000002b87dcc6800 Uncommon trap: trap_request=0xffffff45 fr.pc=0x000002b86c15aeec relative=0x000000000000006c
Event: 69.748 Thread 0x000002b87dcc6800 Uncommon trap: reason=unstable_if action=reinterpret pc=0x000002b86c15aeec method=com.jogamp.opengl.util.AnimatorBase.isStartedImpl()Z @ 4 c2
Event: 69.748 Thread 0x000002b87dcc6800 DEOPT PACKING pc=0x000002b86c15aeec sp=0x000000c593bff0d0
Event: 69.748 Thread 0x000002b87dcc6800 DEOPT UNPACKING pc=0x000002b86462912f sp=0x000000c593bff000 mode 2
Event: 69.758 Thread 0x000002b87bd73800 DEOPT PACKING pc=0x000002b864f5e4f9 sp=0x000000c592cfe740
Event: 69.758 Thread 0x000002b87bd73800 DEOPT UNPACKING pc=0x000002b86462964e sp=0x000000c592cfdc18 mode 0

Classes unloaded (0 events):
No events

Classes redefined (0 events):
No events

Internal exceptions (20 events):
Event: 0.205 Thread 0x000002b85bdd7000 Exception <a 'java/lang/ClassNotFoundException'{0x0000000089b520d0}: sun/awt/resources/spi/awtProvider> (0x0000000089b520d0) 
thrown [./src/hotspot/share/classfile/systemDictionary.cpp, line 232]
Event: 0.223 Thread 0x000002b85bdd7000 Exception <a 'java/io/FileNotFoundException'{0x0000000089a13ef0}> (0x0000000089a13ef0) 
thrown [./src/hotspot/share/prims/jni.cpp, line 598]
Event: 0.230 Thread 0x000002b85bdd7000 Exception <a 'java/io/FileNotFoundException'{0x0000000089a3a7e8}> (0x0000000089a3a7e8) 
thrown [./src/hotspot/share/prims/jni.cpp, line 598]
Event: 0.275 Thread 0x000002b87b984800 Exception <a 'java/lang/NoSuchMethodError'{0x0000000089ae6e48}: 'void java.lang.invoke.DirectMethodHandle$Holder.invokeSpecial(java.lang.Object, java.lang.Object)'> (0x0000000089ae6e48) 
thrown [./src/hotspot/share/interpreter/linkResolver.cpp, line 767]
Event: 0.303 Thread 0x000002b85bdd7000 Exception <a 'java/lang/NoSuchMethodError'{0x000000008990eff0}: 'java.lang.Object java.lang.invoke.DirectMethodHandle$Holder.invokeStatic(java.lang.Object, int, java.lang.Object, java.lang.Object, java.lang.Object, java.lang.Object)'> (0x000000008990eff0) 
thrown [./src/hotspot/share/interpreter/linkResolver.cpp, line 767]
Event: 0.304 Thread 0x000002b85bdd7000 Exception <a 'java/lang/NoSuchMethodError'{0x0000000089915950}: 'java.lang.Object java.lang.invoke.DirectMethodHandle$Holder.invokeStatic(java.lang.Object, int, java.lang.Object, java.lang.Object, java.lang.Object)'> (0x0000000089915950) 
thrown [./src/hotspot/share/interpreter/linkResolver.cpp, line 767]
Event: 0.304 Thread 0x000002b85bdd7000 Exception <a 'java/lang/NoSuchMethodError'{0x00000000899191b8}: 'java.lang.Object java.lang.invoke.DirectMethodHandle$Holder.invokeSpecial(java.lang.Object, java.lang.Object, int, java.lang.Object, java.lang.Object, java.lang.Object)'> (0x00000000899191b8) 
thrown [./src/hotspot/share/interpreter/linkResolver.cpp, line 767]
Event: 0.307 Thread 0x000002b85bdd7000 Exception <a 'java/lang/NoSuchMethodError'{0x000000008992f4e0}: 'java.lang.Object java.lang.invoke.DirectMethodHandle$Holder.invokeStatic(java.lang.Object, int, java.lang.Object)'> (0x000000008992f4e0) 
thrown [./src/hotspot/share/interpreter/linkResolver.cpp, line 767]
Event: 0.326 Thread 0x000002b85bdd7000 Exception <a 'java/lang/ClassNotFoundException'{0x00000000899d5c08}: com/sun/swing/internal/plaf/metal/resources/spi/metalProvider> (0x00000000899d5c08) 
thrown [./src/hotspot/share/classfile/systemDictionary.cpp, line 232]
Event: 0.327 Thread 0x000002b85bdd7000 Exception <a 'java/lang/ClassNotFoundException'{0x00000000899d9f00}: com/sun/swing/internal/plaf/basic/resources/spi/basicProvider> (0x00000000899d9f00) 
thrown [./src/hotspot/share/classfile/systemDictionary.cpp, line 232]
Event: 0.429 Thread 0x000002b85bdd7000 Exception <a 'java/lang/NoSuchMethodError'{0x00000000898deac0}: 'int java.lang.invoke.DirectMethodHandle$Holder.invokeSpecialIFC(java.lang.Object, java.lang.Object, int)'> (0x00000000898deac0) 
thrown [./src/hotspot/share/interpreter/linkResolver.cpp, line 767]
Event: 0.458 Thread 0x000002b85bdd7000 Exception <a 'java/lang/NoSuchMethodError'{0x00000000897d50e8}: 'java.lang.Object java.lang.invoke.DirectMethodHandle$Holder.invokeStaticInit(java.lang.Object, int, int, int, int)'> (0x00000000897d50e8) 
thrown [./src/hotspot/share/interpreter/linkResolver.cpp, line 767]
Event: 0.708 Thread 0x000002b85bdd7000 Exception <a 'java/lang/NoSuchMethodError'{0x0000000089602570}: 'java.lang.Object java.lang.invoke.DirectMethodHandle$Holder.invokeStaticInit(java.lang.Object, java.lang.Object, int, int, int, int)'> (0x0000000089602570) 
thrown [./src/hotspot/share/interpreter/linkResolver.cpp, line 767]
Event: 0.870 Thread 0x000002b87b436800 Exception <a 'java/lang/NullPointerException'{0x00000000893d21e8}> (0x00000000893d21e8) 
thrown [./src/hotspot/share/interpreter/linkResolver.cpp, line 1349]
Event: 0.870 Thread 0x000002b87b436800 Exception <a 'java/lang/reflect/InvocationTargetException'{0x00000000893d24b8}> (0x00000000893d24b8) 
thrown [./src/hotspot/share/runtime/reflection.cpp, line 1188]
Event: 1.102 Thread 0x000002b87a9dd800 Exception <a 'java/lang/NoSuchMethodError'{0x0000000088fed698}: 'java.lang.Object java.lang.invoke.DirectMethodHandle$Holder.invokeStaticInit(java.lang.Object, int)'> (0x0000000088fed698) 
thrown [./src/hotspot/share/interpreter/linkResolver.cpp, line 767]
Event: 1.549 Thread 0x000002b85bdd7000 Exception <a 'java/lang/InterruptedException'{0x0000000089700000}> (0x0000000089700000) 
thrown [./src/hotspot/share/runtime/objectMonitor.cpp, line 1403]
Event: 1.576 Thread 0x000002b85bdd7000 Exception <a 'java/lang/NoSuchMethodError'{0x000000008977e340}: 'void java.lang.invoke.DirectMethodHandle$Holder.invokeStaticInit(java.lang.Object)'> (0x000000008977e340) 
thrown [./src/hotspot/share/interpreter/linkResolver.cpp, line 767]
Event: 1.582 Thread 0x000002b85bdd7000 Exception <a 'java/lang/NoSuchMethodError'{0x0000000089625800}: 'java.lang.Object java.lang.invoke.Invokers$Holder.linkToTargetMethod(java.lang.Object, int, java.lang.Object)'> (0x0000000089625800) 
thrown [./src/hotspot/share/interpreter/linkResolver.cpp, line 767]
Event: 1.596 Thread 0x000002b85bdd7000 Exception <a 'java/lang/reflect/InvocationTargetException'{0x0000000089649828}> (0x0000000089649828) 
thrown [./src/hotspot/share/runtime/reflection.cpp, line 1188]

Events (20 events):
Event: 69.751 loading class java/nio/channels/ClosedChannelException
Event: 69.751 loading class java/nio/channels/ClosedChannelException done
Event: 69.751 Thread 0x000002b87be4b000 Thread exited: 0x000002b87be4b000
Event: 69.769 Executing VM operation: RevokeBias
Event: 69.769 Executing coalesced safepoint VM operation: RevokeBias
Event: 69.769 Executing coalesced safepoint VM operation: RevokeBias done
Event: 69.769 Executing VM operation: RevokeBias done
Event: 69.769 Thread 0x000002b87b436800 Thread exited: 0x000002b87b436800
Event: 69.769 Executing VM operation: RevokeBias
Event: 69.769 Executing VM operation: RevokeBias done
Event: 69.769 Executing VM operation: RevokeBias
Event: 69.769 Executing VM operation: RevokeBias done
Event: 69.769 loading class jogamp/opengl/egl/EGLDisplayUtil
Event: 69.769 loading class jogamp/opengl/egl/EGLDisplayUtil done
Event: 69.770 loading class com/jogamp/nativewindow/egl/EGLGraphicsDevice$EGLDisplayLifecycleCallback
Event: 69.770 loading class com/jogamp/nativewindow/egl/EGLGraphicsDevice$EGLDisplayLifecycleCallback done
Event: 69.771 loading class jogamp/opengl/egl/EGLDisplayUtil$1
Event: 69.771 loading class jogamp/opengl/egl/EGLDisplayUtil$1 done
Event: 69.771 Executing VM operation: RevokeBias
Event: 69.771 Executing VM operation: RevokeBias done


Dynamic libraries:
0x00007ff644430000 - 0x00007ff64443d000 	C:\Users\oganisyansa.23\.jdks\azul-13.0.8\bin\java.exe
0x00007ffbd9550000 - 0x00007ffbd9745000 	C:\Windows\SYSTEM32\ntdll.dll
0x00007ffbd9170000 - 0x00007ffbd922d000 	C:\Windows\System32\KERNEL32.DLL
0x00007ffbd70e0000 - 0x00007ffbd73a9000 	C:\Windows\System32\KERNELBASE.dll
0x00007ffbd73b0000 - 0x00007ffbd74b0000 	C:\Windows\System32\ucrtbase.dll
0x00007ffbd0040000 - 0x00007ffbd0057000 	C:\Users\oganisyansa.23\.jdks\azul-13.0.8\bin\jli.dll
0x00007ffbd1850000 - 0x00007ffbd1865000 	C:\Users\oganisyansa.23\.jdks\azul-13.0.8\bin\VCRUNTIME140.dll
0x00007ffbd8170000 - 0x00007ffbd8310000 	C:\Windows\System32\USER32.dll
0x00007ffbd70b0000 - 0x00007ffbd70d2000 	C:\Windows\System32\win32u.dll
0x00007ffbb3b60000 - 0x00007ffbb3dfa000 	C:\Windows\WinSxS\amd64_microsoft.windows.common-controls_6595b64144ccf1df_6.0.19041.1110_none_60b5254171f9507e\COMCTL32.dll
0x00007ffbd7e10000 - 0x00007ffbd7e3a000 	C:\Windows\System32\GDI32.dll
0x00007ffbd90b0000 - 0x00007ffbd914e000 	C:\Windows\System32\msvcrt.dll
0x00007ffbd6da0000 - 0x00007ffbd6eab000 	C:\Windows\System32\gdi32full.dll
0x00007ffbd6eb0000 - 0x00007ffbd6f4d000 	C:\Windows\System32\msvcp_win.dll
0x00007ffbd8010000 - 0x00007ffbd8040000 	C:\Windows\System32\IMM32.DLL
0x00007ffbaab50000 - 0x00007ffbaabeb000 	C:\Users\oganisyansa.23\.jdks\azul-13.0.8\bin\msvcp140.dll
0x00007ffb8c7a0000 - 0x00007ffb8d391000 	C:\Users\oganisyansa.23\.jdks\azul-13.0.8\bin\server\jvm.dll
0x00007ffbd7590000 - 0x00007ffbd763c000 	C:\Windows\System32\ADVAPI32.dll
0x00007ffbd8880000 - 0x00007ffbd891b000 	C:\Windows\System32\sechost.dll
0x00007ffbd8040000 - 0x00007ffbd816a000 	C:\Windows\System32\RPCRT4.dll
0x00007ffbb8b70000 - 0x00007ffbb8b79000 	C:\Windows\SYSTEM32\WSOCK32.dll
0x00007ffbd9160000 - 0x00007ffbd9168000 	C:\Windows\System32\PSAPI.DLL
0x00007ffbb91f0000 - 0x00007ffbb9217000 	C:\Windows\SYSTEM32\WINMM.dll
0x00007ffbd8920000 - 0x00007ffbd898b000 	C:\Windows\System32\WS2_32.dll
0x00007ffbce970000 - 0x00007ffbce97a000 	C:\Windows\SYSTEM32\VERSION.dll
0x00007ffbd4bb0000 - 0x00007ffbd4bc2000 	C:\Windows\SYSTEM32\kernel.appcore.dll
0x00007ffbd2bf0000 - 0x00007ffbd2c00000 	C:\Users\oganisyansa.23\.jdks\azul-13.0.8\bin\verify.dll
0x00007ffbb86b0000 - 0x00007ffbb8894000 	C:\Windows\SYSTEM32\DBGHELP.DLL
0x00007ffbb8610000 - 0x00007ffbb863c000 	C:\Windows\SYSTEM32\dbgcore.DLL
0x00007ffbd6d10000 - 0x00007ffbd6d93000 	C:\Windows\System32\bcryptPrimitives.dll
0x00007ffbd0010000 - 0x00007ffbd0036000 	C:\Users\oganisyansa.23\.jdks\azul-13.0.8\bin\java.dll
0x00007ffbd1d80000 - 0x00007ffbd1d8a000 	C:\Users\oganisyansa.23\.jdks\azul-13.0.8\bin\jimage.dll
0x00007ffbcffe0000 - 0x00007ffbcffee000 	C:\Users\oganisyansa.23\.jdks\azul-13.0.8\bin\instrument.dll
0x00007ffbcfff0000 - 0x00007ffbd0007000 	C:\Users\oganisyansa.23\.jdks\azul-13.0.8\bin\zip.dll
0x00007ffbd7640000 - 0x00007ffbd7d7f000 	C:\Windows\System32\SHELL32.dll
0x00007ffbd4db0000 - 0x00007ffbd5541000 	C:\Windows\SYSTEM32\windows.storage.dll
0x00007ffbd8cf0000 - 0x00007ffbd9045000 	C:\Windows\System32\combase.dll
0x00007ffbd66d0000 - 0x00007ffbd66fc000 	C:\Windows\SYSTEM32\Wldp.dll
0x00007ffbd9430000 - 0x00007ffbd94de000 	C:\Windows\System32\SHCORE.dll
0x00007ffbd8310000 - 0x00007ffbd8365000 	C:\Windows\System32\shlwapi.dll
0x00007ffbd6ba0000 - 0x00007ffbd6bbf000 	C:\Windows\SYSTEM32\profapi.dll
0x00007ffbceba0000 - 0x00007ffbcebb9000 	C:\Users\oganisyansa.23\.jdks\azul-13.0.8\bin\net.dll
0x00007ffbc5f20000 - 0x00007ffbc602a000 	C:\Windows\SYSTEM32\WINHTTP.dll
0x00007ffbd6430000 - 0x00007ffbd649a000 	C:\Windows\system32\mswsock.dll
0x00007ffbceb80000 - 0x00007ffbceb92000 	C:\Users\oganisyansa.23\.jdks\azul-13.0.8\bin\nio.dll
0x00007ffbcd7c0000 - 0x00007ffbcd7da000 	C:\JetBrains\Tools\apps\IDEA-U\ch-0\212.4746.92\bin\breakgen64.dll
0x00007ffb9fa90000 - 0x00007ffb9fc28000 	C:\Users\oganisyansa.23\.jdks\azul-13.0.8\bin\awt.dll
0x00007ffbd9360000 - 0x00007ffbd942d000 	C:\Windows\System32\OLEAUT32.dll
0x00007ffbd4510000 - 0x00007ffbd45a0000 	C:\Windows\SYSTEM32\apphelp.dll
0x00007ffbd48c0000 - 0x00007ffbd48ef000 	C:\Windows\system32\DWMAPI.DLL
0x00007ffbd46f0000 - 0x00007ffbd478e000 	C:\Windows\system32\uxtheme.dll
0x00007ffbb8140000 - 0x00007ffbb8265000 	C:\Windows\system32\opengl32.dll
0x00007ffbb8470000 - 0x00007ffbb849c000 	C:\Windows\SYSTEM32\GLU32.dll
0x00007ffbd7e40000 - 0x00007ffbd7f55000 	C:\Windows\System32\MSCTF.dll
0x00007ffbd1020000 - 0x00007ffbd1043000 	C:\Program Files (x86)\Yandex\Punto Switcher\PSHook64.dll
0x00007ffbd9230000 - 0x00007ffbd935a000 	C:\Windows\System32\ole32.dll
0x00007ffba7d80000 - 0x00007ffba7e06000 	C:\Users\oganisyansa.23\.jdks\azul-13.0.8\bin\freetype.dll
0x00007ffba7cd0000 - 0x00007ffba7d76000 	C:\Users\oganisyansa.23\.jdks\azul-13.0.8\bin\fontmanager.dll
0x00007ffbd6610000 - 0x00007ffbd6628000 	C:\Windows\SYSTEM32\CRYPTSP.dll
0x00007ffbd5d60000 - 0x00007ffbd5d94000 	C:\Windows\system32\rsaenh.dll
0x00007ffbd74b0000 - 0x00007ffbd74d7000 	C:\Windows\System32\bcrypt.dll
0x00007ffbd6b20000 - 0x00007ffbd6b4e000 	C:\Windows\SYSTEM32\USERENV.dll
0x00007ffbd6630000 - 0x00007ffbd663c000 	C:\Windows\SYSTEM32\CRYPTBASE.dll
0x00007ffbd60d0000 - 0x00007ffbd610b000 	C:\Windows\SYSTEM32\IPHLPAPI.DLL
0x00007ffbd9150000 - 0x00007ffbd9158000 	C:\Windows\System32\NSI.dll
0x00007ffbd15a0000 - 0x00007ffbd15b7000 	C:\Windows\SYSTEM32\dhcpcsvc6.DLL
0x00007ffbd1540000 - 0x00007ffbd155d000 	C:\Windows\SYSTEM32\dhcpcsvc.DLL
0x00007ffbd6120000 - 0x00007ffbd61ec000 	C:\Windows\SYSTEM32\DNSAPI.dll
0x00000000637c0000 - 0x00000000637ca000 	C:\Temp\jogamp_0000\file_cache\jln9887194750956471979\jln16344373356845553040\gluegen-rt.dll
0x00007ffbceb70000 - 0x00007ffbceb77000 	C:\Users\oganisyansa.23\.jdks\azul-13.0.8\bin\jawt.dll
0x000000006a440000 - 0x000000006a44a000 	C:\Temp\jogamp_0000\file_cache\jln9887194750956471979\jln16344373356845553040\nativewindow_awt.dll
0x000000006c100000 - 0x000000006c10b000 	C:\Temp\jogamp_0000\file_cache\jln9887194750956471979\jln16344373356845553040\nativewindow_win32.dll
0x0000000064500000 - 0x0000000064599000 	C:\Temp\jogamp_0000\file_cache\jln9887194750956471979\jln16344373356845553040\jogl_desktop.dll
0x00007ffb9f750000 - 0x00007ffb9fa8e000 	C:\Program Files\MiKTeX\miktex\bin\x64\libGLESv2.dll
0x00007ffb8f900000 - 0x00007ffb8face000 	C:\Windows\SYSTEM32\d3d9.dll
0x00007ffbc3000000 - 0x00007ffbc300c000 	C:\Windows\SYSTEM32\VCRUNTIME140_1.dll
0x0000000064340000 - 0x0000000064379000 	C:\Temp\jogamp_0000\file_cache\jln9887194750956471979\jln16344373356845553040\jogl_mobile.dll
0x00007ffbd7f60000 - 0x00007ffbd8009000 	C:\Windows\System32\clbcatq.dll
0x00007ffbcf7a0000 - 0x00007ffbcf899000 	C:\Windows\System32\AppXDeploymentClient.dll
0x00007ffb99f90000 - 0x00007ffb9af55000 	C:\Windows\System32\DriverStore\FileRepository\iigd_dch.inf_amd64_3d9cbc061473a40a\ig9icd64.dll
0x00007ffbd5660000 - 0x00007ffbd5754000 	C:\Windows\system32\dxgi.dll
0x00007ffbca4f0000 - 0x00007ffbca732000 	C:\Windows\System32\DriverStore\FileRepository\iigd_dch.inf_amd64_3d9cbc061473a40a\igdgmm64.dll
0x00007ffb9c840000 - 0x00007ffb9cc4b000 	C:\Windows\System32\DriverStore\FileRepository\iigd_dch.inf_amd64_3d9cbc061473a40a\igdml64.dll
0x00007ffbc6be0000 - 0x00007ffbc97d2000 	C:\Windows\System32\DriverStore\FileRepository\iigd_dch.inf_amd64_3d9cbc061473a40a\igc64.dll
0x00007ffbd61f0000 - 0x00007ffbd623b000 	C:\Windows\SYSTEM32\powrprof.dll
0x00007ffbd60b0000 - 0x00007ffbd60c2000 	C:\Windows\SYSTEM32\UMPDC.dll
0x00007ffbcc1c0000 - 0x00007ffbcc374000 	C:\Windows\SYSTEM32\WindowsCodecs.dll
0x00007ffbc5550000 - 0x00007ffbc558e000 	C:\Windows\system32\dataexchange.dll
0x00007ffbd2d80000 - 0x00007ffbd2fe4000 	C:\Windows\system32\d3d11.dll
0x00007ffbd3a10000 - 0x00007ffbd3bf6000 	C:\Windows\system32\dcomp.dll
0x00007ffbcf8a0000 - 0x00007ffbcfaa1000 	C:\Windows\system32\twinapi.appcore.dll
0x00007ffbcde60000 - 0x00007ffbcdf59000 	C:\Windows\SYSTEM32\textinputframework.dll
0x00007ffbd3f80000 - 0x00007ffbd42de000 	C:\Windows\System32\CoreUIComponents.dll
0x00007ffbd42e0000 - 0x00007ffbd43d2000 	C:\Windows\System32\CoreMessaging.dll
0x00007ffbd5880000 - 0x00007ffbd58b3000 	C:\Windows\SYSTEM32\ntmarta.dll
0x00007ffbd2c20000 - 0x00007ffbd2d74000 	C:\Windows\SYSTEM32\wintypes.dll

dbghelp: loaded successfully - version: 4.0.5 - missing functions: none
symbol engine: initialized successfully - sym options: 0x614 - pdb path: .;C:\Users\oganisyansa.23\.jdks\azul-13.0.8\bin;C:\Windows\SYSTEM32;C:\Windows\WinSxS\amd64_microsoft.windows.common-controls_6595b64144ccf1df_6.0.19041.1110_none_60b5254171f9507e;C:\Users\oganisyansa.23\.jdks\azul-13.0.8\bin\server;C:\JetBrains\Tools\apps\IDEA-U\ch-0\212.4746.92\bin;C:\Program Files (x86)\Yandex\Punto Switcher;C:\Temp\jogamp_0000\file_cache\jln9887194750956471979\jln16344373356845553040;C:\Program Files\MiKTeX\miktex\bin\x64;C:\Windows\System32\DriverStore\FileRepository\iigd_dch.inf_amd64_3d9cbc061473a40a

VM Arguments:
jvm_args: -javaagent:C:\JetBrains\Tools\apps\IDEA-U\ch-0\212.4746.92\lib\idea_rt.jar=55983:C:\JetBrains\Tools\apps\IDEA-U\ch-0\212.4746.92\bin -Dfile.encoding=UTF-8 
java_command: Gui.Form
java_class_path (initial): C:\Users\oganisyansa.23\IdeaProjects\JavaGl239Project\target\classes;C:\Users\oganisyansa.23\.m2\repository\org\jogamp\gluegen\gluegen-rt-main\2.0.2\gluegen-rt-main-2.0.2.jar;C:\Users\oganisyansa.23\.m2\repository\org\jogamp\gluegen\gluegen-rt\2.0.2\gluegen-rt-2.0.2.jar;C:\Users\oganisyansa.23\.m2\repository\org\jogamp\gluegen\gluegen-rt\2.0.2\gluegen-rt-2.0.2-natives-android-armv6.jar;C:\Users\oganisyansa.23\.m2\repository\org\jogamp\gluegen\gluegen-rt\2.0.2\gluegen-rt-2.0.2-natives-linux-amd64.jar;C:\Users\oganisyansa.23\.m2\repository\org\jogamp\gluegen\gluegen-rt\2.0.2\gluegen-rt-2.0.2-natives-linux-armv6.jar;C:\Users\oganisyansa.23\.m2\repository\org\jogamp\gluegen\gluegen-rt\2.0.2\gluegen-rt-2.0.2-natives-linux-armv6hf.jar;C:\Users\oganisyansa.23\.m2\repository\org\jogamp\gluegen\gluegen-rt\2.0.2\gluegen-rt-2.0.2-natives-linux-i586.jar;C:\Users\oganisyansa.23\.m2\repository\org\jogamp\gluegen\gluegen-rt\2.0.2\gluegen-rt-2.0.2-natives-macosx-universal.jar;C:\Users\oganisyansa.23\.m2\repository\org\jogamp\gluegen\gluegen-rt\2.0.2\gluegen-rt-2.0.2-natives-solaris-amd64.jar;C:\Users\oganisyansa.23\.m2\repository\org\jogamp\gluegen\gluegen-rt\2.0.2\gluegen-rt-2.0.2-natives-solaris-i586.jar;C:\Users\oganisyansa.23\.m2\repository\org\jogamp\gluegen\gluegen-rt\2.0.2\gluegen-rt-2.0.2-natives-windows-amd64.jar;C:\Users\oganisyansa.23\.m2\repository\org\jogamp\gluegen\gluegen-rt\2.0.2\gluegen-rt-2.0.2-natives-windows-i586.jar;C:\Users\oganisyansa.23\.m2\repository\org\jogamp\jogl\jogl-all-main\2.0.2\jogl-all-main-2.0.2.jar;C:\Users\oganisyansa.23\.m2\repository\org\jogamp\jogl\jogl-all\2.0.2\jogl-all-2.0.2.jar;C:\Users\oganisyansa.23\.m2\repository\org\jogamp\jogl\jogl-all\2.0.2\jogl-all-2.0.2-natives-android-armv6.jar;C:\Users\oganisyansa.23\.m2\repository\org\jogamp\jogl\jogl-all\2.0.2\jogl-all-2.0.2-natives-linux-amd64.jar;C:\Users\oganisyansa.23\.m2\repository\org\jogamp\jogl\jogl-all\2.0.2\jogl-all-2.0.2-natives-linux-armv6.jar;C:\Users\
Launcher Type: SUN_STANDARD

[Global flags]
     intx CICompilerCount                          = 3                                         {product} {ergonomic}
     uint ConcGCThreads                            = 2                                         {product} {ergonomic}
     uint G1ConcRefinementThreads                  = 6                                         {product} {ergonomic}
   size_t G1HeapRegionSize                         = 1048576                                   {product} {ergonomic}
    uintx GCDrainStackTargetSize                   = 64                                        {product} {ergonomic}
   size_t InitialHeapSize                          = 132120576                                 {product} {ergonomic}
   size_t MarkStackSize                            = 4194304                                   {product} {ergonomic}
   size_t MaxHeapSize                              = 2113929216                                {product} {ergonomic}
   size_t MaxNewSize                               = 1267728384                                {product} {ergonomic}
   size_t MinHeapDeltaBytes                        = 1048576                                   {product} {ergonomic}
   size_t MinHeapSize                              = 8388608                                   {product} {ergonomic}
    uintx NonNMethodCodeHeapSize                   = 5832780                                {pd product} {ergonomic}
    uintx NonProfiledCodeHeapSize                  = 122912730                              {pd product} {ergonomic}
    uintx ProfiledCodeHeapSize                     = 122912730                              {pd product} {ergonomic}
    uintx ReservedCodeCacheSize                    = 251658240                              {pd product} {ergonomic}
     bool SegmentedCodeCache                       = true                                      {product} {ergonomic}
   size_t SoftMaxHeapSize                          = 2113929216                             {manageable} {ergonomic}
     bool UseCompressedClassPointers               = true                                 {lp64_product} {ergonomic}
     bool UseCompressedOops                        = true                                 {lp64_product} {ergonomic}
     bool UseG1GC                                  = true                                      {product} {ergonomic}
     bool UseLargePagesIndividualAllocation        = false                                  {pd product} {ergonomic}

Logging:
Log output configuration:
 #0: stdout all=warning uptime,level,tags
 #1: stderr all=off uptime,level,tags

Environment Variables:
JAVA_HOME=C:\Program Files\Java\jdk1.8.0_211
CLASSPATH=.;
PATH=C:\Program Files\Common Files\Oracle\Java\javapath;C:\PROGRA~2\Borland\Delphi5\Projects\Bpl;C:\PROGRA~2\Borland\Delphi5\Bin;C:\Program Files (x86)\Common Files\Intel\Shared Files\cpp\bin\Intel64;C:\Program Files (x86)\NVIDIA Corporation\PhysX\Common;C:\Python39\Scripts\;C:\Python39\;C:\Program Files (x86)\Common Files\Oracle\Java\javapath;C:\Windows\system32;C:\Windows;C:\Windows\System32\Wbem;C:\Windows\System32\WindowsPowerShell\v1.0\;C:\Windows\System32\OpenSSH\;C:\Program Files (x86)\Kaspersky Lab\Endpoint Agent\;C:\ProgramData\chocolatey\bin;C:\tools\freepascal\bin\i386-Win32;C:\Program Files\Git\cmd;C:\Program Files\Java\jdk1.8.0_211\bin;C:\Program Files (x86)\GtkSharp\2.12\bin;C:\Program Files\nodejs\;C:\Program Files\Microsoft SQL Server\Client SDK\ODBC\110\Tools\Binn\;C:\Program Files (x86)\Microsoft SQL Server\120\Tools\Binn\;C:\Program Files\Microsoft SQL Server\120\Tools\Binn\;C:\Program Files\Microsoft SQL Server\120\DTS\Binn\;C:\Program Files (x86)\Windows Kits\8.1\Windows Performance Toolkit\;C:\VXIPNP\WinNT\Bin;C:\Program Files (x86)\Windows Live\Shared;C:\Program Files\Microsoft VS Code\bin;C:\Program Files\dotnet\;C:\Program Files\MiKTeX\miktex\bin\x64\;C:\Users\oganisyansa.23\AppData\Local\Microsoft\WindowsApps;C:\Users\Администратор\AppData\Roaming\npm;C:\Program Files\Oracle\VirtualBox;C:\ProgramData\chocolatey\lib\mingw\tools\install\mingw64\bin;C:\Program Files\heroku\bin;C:\Users\oganisyansa.23\.dotnet\tools;C:\tools\msys64
USERNAME=oganisyansa.23
OS=Windows_NT
PROCESSOR_IDENTIFIER=Intel64 Family 6 Model 158 Stepping 10, GenuineIntel



---------------  S Y S T E M  ---------------

OS: Windows 10 , 64 bit Build 19041 (10.0.19041.1023)
OS uptime: 14 days 2:28 hours

CPU:total 6 (initial active 6) (6 cores per cpu, 1 threads per core) family 6 model 158 stepping 10, cmov, cx8, fxsr, mmx, sse, sse2, sse3, ssse3, sse4.1, sse4.2, popcnt, avx, avx2, aes, clmul, erms, 3dnowpref, lzcnt, tsc, tscinvbit, bmi1, bmi2, adx, fma

Memory: 4k page, system-wide physical 8059M (1469M free)
TotalPageFile size 9418M (AvailPageFile size 1845M)
current process WorkingSet (physical memory assigned to process): 175M, peak: 175M
current process commit charge ("private bytes"): 274M, peak: 277M

vm_info: OpenJDK 64-Bit Server VM (13.0.8+5-MTS) for windows-amd64 JRE (13.0.8+5-MTS) (Zulu13.42+17-CA), built on Jul 11 2021 18:28:31 by "zulu_re" with MS VC++ 15.9 (VS2017)

END.
